<?xml version="1.0" encoding="UTF-8"?>
<!-- Generated by org.testng.reporters.JUnitReportReporter -->
<testsuite hostname="Aiswarya-PC" failures="0" tests="4" name="com.qa.tests.AppTest1" time="0.012" errors="0" timestamp="2020-08-09T10:42:45 IST" skipped="0">
  <testcase classname="com.qa.tests.AppTest1" name="mul" time="0.004"/>
  <system-out/>
  <testcase classname="com.qa.tests.AppTest1" name="div" time="0.003"/>
  <system-out/>
  <testcase classname="com.qa.tests.AppTest1" name="sum" time="0.002"/>
  <system-out/>
  <testcase classname="com.qa.tests.AppTest1" name="sub" time="0.003"/>
  <system-out/>
</testsuite> <!-- com.qa.tests.AppTest1 -->
