<?xml version="1.0" encoding="UTF-8"?>
<!-- Generated by org.testng.reporters.JUnitReportReporter -->
<testsuite hostname="Aiswarya-PC" failures="0" tests="4" name="MavenDemo.MavenDemo.AppTest" time="0.017" errors="0" timestamp="2020-08-09T10:31:46 IST" skipped="0">
  <testcase classname="MavenDemo.MavenDemo.AppTest" name="mul" time="0.002"/>
  <system-out/>
  <testcase classname="MavenDemo.MavenDemo.AppTest" name="div" time="0.011"/>
  <system-out/>
  <testcase classname="MavenDemo.MavenDemo.AppTest" name="sum" time="0.002"/>
  <system-out/>
  <testcase classname="MavenDemo.MavenDemo.AppTest" name="sub" time="0.002"/>
  <system-out/>
</testsuite> <!-- MavenDemo.MavenDemo.AppTest -->
