<?xml version="1.0" encoding="UTF-8"?>
<!-- Generated by org.testng.reporters.JUnitReportReporter -->
<testsuite hostname="Aiswarya-PC" failures="0" tests="4" name="com.qa.tests.AppTest2" time="0.000" errors="0" timestamp="2020-08-09T11:05:34 IST" skipped="0">
  <testcase classname="com.qa.tests.AppTest2" name="mul" time="0.000"/>
  <system-out/>
  <testcase classname="com.qa.tests.AppTest2" name="div" time="0.000"/>
  <system-out/>
  <testcase classname="com.qa.tests.AppTest2" name="sub" time="0.000"/>
  <system-out/>
  <testcase classname="com.qa.tests.AppTest2" name="sum" time="0.000"/>
  <system-out/>
</testsuite> <!-- com.qa.tests.AppTest2 -->
